Arguments: 
  /usr/bin/node /usr/bin/yarn

PATH: 
  /home/surja/bin:/home/surja/.local/bin:/usr/local/sbin:/usr/local/bin:/usr/sbin:/usr/bin:/sbin:/bin:/usr/games:/usr/local/games:/snap/bin:/home/surja/Android/Sdk/emulator:/home/surja/Android/Sdk/tools:/home/surja/Android/Sdk/tools/bin:/home/surja/Android/Sdk/platform-tools

Yarn version: 
  1.12.3

Node version: 
  10.15.1

Platform: 
  linux x64

Trace: 
  SyntaxError: /home/surja/Raziur-projects/Lab/00-projects/calendar/backend/package.json: Unexpected token } in JSON at position 180
      at JSON.parse (<anonymous>)
      at /usr/lib/node_modules/yarn/lib/cli.js:1631:59
      at Generator.next (<anonymous>)
      at step (/usr/lib/node_modules/yarn/lib/cli.js:304:30)
      at /usr/lib/node_modules/yarn/lib/cli.js:315:13

npm manifest: 
  {
    "name": "calendar-backend",
    "version": "0.1.0",
    "description": "This the backend of calendar web app.",
    "private": true,
    "scripts": {
      "dev": "nodemon server.js",
    },
    "author": "Raziur Rahman",
    "engines": {
      "node": "10"
    },
    "dependencies": {
      "compression": "^1.7.4",
      "express": "^4.16.4",
      "mongoose": "^5.4.19",
      "morgan": "^1.9.1"
    }
  }

yarn manifest: 
  No manifest

Lockfile: 
  No lockfile
